running egg_info
creating ../../build/my_py_pkg/my_py_pkg.egg-info
writing ../../build/my_py_pkg/my_py_pkg.egg-info/PKG-INFO
writing dependency_links to ../../build/my_py_pkg/my_py_pkg.egg-info/dependency_links.txt
writing entry points to ../../build/my_py_pkg/my_py_pkg.egg-info/entry_points.txt
writing requirements to ../../build/my_py_pkg/my_py_pkg.egg-info/requires.txt
writing top-level names to ../../build/my_py_pkg/my_py_pkg.egg-info/top_level.txt
writing manifest file '../../build/my_py_pkg/my_py_pkg.egg-info/SOURCES.txt'
reading manifest file '../../build/my_py_pkg/my_py_pkg.egg-info/SOURCES.txt'
writing manifest file '../../build/my_py_pkg/my_py_pkg.egg-info/SOURCES.txt'
running build
running build_py
creating /home/karthik/Documents/ROS2_DEVELOPMENTS/ros2_workspace_1/ROS2_DEVELOPMENTS/build/my_py_pkg/build
creating /home/karthik/Documents/ROS2_DEVELOPMENTS/ros2_workspace_1/ROS2_DEVELOPMENTS/build/my_py_pkg/build/lib
creating /home/karthik/Documents/ROS2_DEVELOPMENTS/ros2_workspace_1/ROS2_DEVELOPMENTS/build/my_py_pkg/build/lib/my_py_pkg
copying my_py_pkg/my_test_node.py -> /home/karthik/Documents/ROS2_DEVELOPMENTS/ros2_workspace_1/ROS2_DEVELOPMENTS/build/my_py_pkg/build/lib/my_py_pkg
copying my_py_pkg/__init__.py -> /home/karthik/Documents/ROS2_DEVELOPMENTS/ros2_workspace_1/ROS2_DEVELOPMENTS/build/my_py_pkg/build/lib/my_py_pkg
running install
running install_lib
running install_data
running install_egg_info
removing '/home/karthik/Documents/ROS2_DEVELOPMENTS/ros2_workspace_1/ROS2_DEVELOPMENTS/install/my_py_pkg/lib/python3.12/site-packages/my_py_pkg-0.0.0-py3.12.egg-info' (and everything under it)
Copying ../../build/my_py_pkg/my_py_pkg.egg-info to /home/karthik/Documents/ROS2_DEVELOPMENTS/ros2_workspace_1/ROS2_DEVELOPMENTS/install/my_py_pkg/lib/python3.12/site-packages/my_py_pkg-0.0.0-py3.12.egg-info
running install_scripts
Installing test_node_a script to /home/karthik/Documents/ROS2_DEVELOPMENTS/ros2_workspace_1/ROS2_DEVELOPMENTS/install/my_py_pkg/lib/my_py_pkg
Installing test_node_b script to /home/karthik/Documents/ROS2_DEVELOPMENTS/ros2_workspace_1/ROS2_DEVELOPMENTS/install/my_py_pkg/lib/my_py_pkg
Installing test_node_c script to /home/karthik/Documents/ROS2_DEVELOPMENTS/ros2_workspace_1/ROS2_DEVELOPMENTS/install/my_py_pkg/lib/my_py_pkg
writing list of installed files to '/home/karthik/Documents/ROS2_DEVELOPMENTS/ros2_workspace_1/ROS2_DEVELOPMENTS/build/my_py_pkg/install.log'
