[0.013s] Invoking command in '/home/karthik/Documents/ROS2_DEVELOPMENTS/ros2_workspace_1/ROS2_DEVELOPMENTS/build/my_cpp_pkg': CMAKE_PREFIX_PATH=${CMAKE_PREFIX_PATH}:/home/karthik/Documents/ROS2_DEVELOPMENTS/ros2_workspace_1/ROS2_DEVELOPMENTS/install/my_py_pkg:/opt/ros/jazzy DEBUGINFOD_URLS=https://debuginfod.ubuntu.com /usr/bin/cmake /home/karthik/Documents/ROS2_DEVELOPMENTS/ros2_workspace_1/ROS2_DEVELOPMENTS/src/my_cpp_pkg -DCMAKE_INSTALL_PREFIX=/home/karthik/Documents/ROS2_DEVELOPMENTS/ros2_workspace_1/ROS2_DEVELOPMENTS/install/my_cpp_pkg
[0.128s] -- The C compiler identification is GNU 13.3.0
[0.184s] -- The CXX compiler identification is GNU 13.3.0
[0.201s] -- Detecting C compiler ABI info
[0.297s] -- Detecting C compiler ABI info - done
[0.303s] -- Check for working C compiler: /usr/bin/cc - skipped
[0.304s] -- Detecting C compile features
[0.304s] -- Detecting C compile features - done
[0.313s] -- Detecting CXX compiler ABI info
[0.410s] -- Detecting CXX compiler ABI info - done
[0.417s] -- Check for working CXX compiler: /usr/bin/c++ - skipped
[0.417s] -- Detecting CXX compile features
[0.417s] -- Detecting CXX compile features - done
[0.421s] -- Found ament_cmake: 2.5.4 (/opt/ros/jazzy/share/ament_cmake/cmake)
[0.545s] -- Found Python3: /usr/bin/python3 (found version "3.12.3") found components: Interpreter 
[0.640s] -- Found rclcpp: 28.1.13 (/opt/ros/jazzy/share/rclcpp/cmake)
[0.674s] -- Found rosidl_generator_c: 4.6.6 (/opt/ros/jazzy/share/rosidl_generator_c/cmake)
[0.684s] -- Found rosidl_generator_cpp: 4.6.6 (/opt/ros/jazzy/share/rosidl_generator_cpp/cmake)
[0.696s] -- Using all available rosidl_typesupport_c: rosidl_typesupport_fastrtps_c;rosidl_typesupport_introspection_c
[0.709s] -- Using all available rosidl_typesupport_cpp: rosidl_typesupport_fastrtps_cpp;rosidl_typesupport_introspection_cpp
[0.767s] -- Found rmw_implementation_cmake: 7.3.2 (/opt/ros/jazzy/share/rmw_implementation_cmake/cmake)
[0.769s] -- Found rmw_fastrtps_cpp: 8.4.3 (/opt/ros/jazzy/share/rmw_fastrtps_cpp/cmake)
[0.840s] -- Found OpenSSL: /usr/lib/x86_64-linux-gnu/libcrypto.so (found version "3.0.13")  
[0.860s] -- Found FastRTPS: /opt/ros/jazzy/include (Required is at least version "2.13") 
[0.879s] -- Using RMW implementation 'rmw_fastrtps_cpp' as default
[1.030s] -- Configuring done (1.0s)
[1.039s] -- Generating done (0.0s)
[1.041s] -- Build files have been written to: /home/karthik/Documents/ROS2_DEVELOPMENTS/ros2_workspace_1/ROS2_DEVELOPMENTS/build/my_cpp_pkg
[1.053s] Invoked command in '/home/karthik/Documents/ROS2_DEVELOPMENTS/ros2_workspace_1/ROS2_DEVELOPMENTS/build/my_cpp_pkg' returned '0': CMAKE_PREFIX_PATH=${CMAKE_PREFIX_PATH}:/home/karthik/Documents/ROS2_DEVELOPMENTS/ros2_workspace_1/ROS2_DEVELOPMENTS/install/my_py_pkg:/opt/ros/jazzy DEBUGINFOD_URLS=https://debuginfod.ubuntu.com /usr/bin/cmake /home/karthik/Documents/ROS2_DEVELOPMENTS/ros2_workspace_1/ROS2_DEVELOPMENTS/src/my_cpp_pkg -DCMAKE_INSTALL_PREFIX=/home/karthik/Documents/ROS2_DEVELOPMENTS/ros2_workspace_1/ROS2_DEVELOPMENTS/install/my_cpp_pkg
[1.054s] Invoking command in '/home/karthik/Documents/ROS2_DEVELOPMENTS/ros2_workspace_1/ROS2_DEVELOPMENTS/build/my_cpp_pkg': CMAKE_PREFIX_PATH=${CMAKE_PREFIX_PATH}:/home/karthik/Documents/ROS2_DEVELOPMENTS/ros2_workspace_1/ROS2_DEVELOPMENTS/install/my_py_pkg:/opt/ros/jazzy DEBUGINFOD_URLS=https://debuginfod.ubuntu.com /usr/bin/cmake --build /home/karthik/Documents/ROS2_DEVELOPMENTS/ros2_workspace_1/ROS2_DEVELOPMENTS/build/my_cpp_pkg -- -j12 -l12
[1.112s] [ 50%] [32mBuilding CXX object CMakeFiles/my_test_node.dir/src/my_test_node.cpp.o[0m
[3.823s] [100%] [32m[1mLinking CXX executable my_test_node[0m
[3.907s] [100%] Built target my_test_node
[4.008s] Invoked command in '/home/karthik/Documents/ROS2_DEVELOPMENTS/ros2_workspace_1/ROS2_DEVELOPMENTS/build/my_cpp_pkg' returned '0': CMAKE_PREFIX_PATH=${CMAKE_PREFIX_PATH}:/home/karthik/Documents/ROS2_DEVELOPMENTS/ros2_workspace_1/ROS2_DEVELOPMENTS/install/my_py_pkg:/opt/ros/jazzy DEBUGINFOD_URLS=https://debuginfod.ubuntu.com /usr/bin/cmake --build /home/karthik/Documents/ROS2_DEVELOPMENTS/ros2_workspace_1/ROS2_DEVELOPMENTS/build/my_cpp_pkg -- -j12 -l12
[4.016s] Invoking command in '/home/karthik/Documents/ROS2_DEVELOPMENTS/ros2_workspace_1/ROS2_DEVELOPMENTS/build/my_cpp_pkg': CMAKE_PREFIX_PATH=${CMAKE_PREFIX_PATH}:/home/karthik/Documents/ROS2_DEVELOPMENTS/ros2_workspace_1/ROS2_DEVELOPMENTS/install/my_py_pkg:/opt/ros/jazzy DEBUGINFOD_URLS=https://debuginfod.ubuntu.com /usr/bin/cmake --install /home/karthik/Documents/ROS2_DEVELOPMENTS/ros2_workspace_1/ROS2_DEVELOPMENTS/build/my_cpp_pkg
[4.023s] -- Install configuration: ""
[4.023s] -- Installing: /home/karthik/Documents/ROS2_DEVELOPMENTS/ros2_workspace_1/ROS2_DEVELOPMENTS/install/my_cpp_pkg/lib/my_cpp_pkg/my_test_node
[4.024s] -- Set non-toolchain portion of runtime path of "/home/karthik/Documents/ROS2_DEVELOPMENTS/ros2_workspace_1/ROS2_DEVELOPMENTS/install/my_cpp_pkg/lib/my_cpp_pkg/my_test_node" to ""
[4.024s] -- Installing: /home/karthik/Documents/ROS2_DEVELOPMENTS/ros2_workspace_1/ROS2_DEVELOPMENTS/install/my_cpp_pkg/share/ament_index/resource_index/package_run_dependencies/my_cpp_pkg
[4.024s] -- Installing: /home/karthik/Documents/ROS2_DEVELOPMENTS/ros2_workspace_1/ROS2_DEVELOPMENTS/install/my_cpp_pkg/share/ament_index/resource_index/parent_prefix_path/my_cpp_pkg
[4.024s] -- Up-to-date: /home/karthik/Documents/ROS2_DEVELOPMENTS/ros2_workspace_1/ROS2_DEVELOPMENTS/install/my_cpp_pkg/share/my_cpp_pkg/environment/ament_prefix_path.sh
[4.024s] -- Installing: /home/karthik/Documents/ROS2_DEVELOPMENTS/ros2_workspace_1/ROS2_DEVELOPMENTS/install/my_cpp_pkg/share/my_cpp_pkg/environment/ament_prefix_path.dsv
[4.025s] -- Up-to-date: /home/karthik/Documents/ROS2_DEVELOPMENTS/ros2_workspace_1/ROS2_DEVELOPMENTS/install/my_cpp_pkg/share/my_cpp_pkg/environment/path.sh
[4.025s] -- Installing: /home/karthik/Documents/ROS2_DEVELOPMENTS/ros2_workspace_1/ROS2_DEVELOPMENTS/install/my_cpp_pkg/share/my_cpp_pkg/environment/path.dsv
[4.025s] -- Installing: /home/karthik/Documents/ROS2_DEVELOPMENTS/ros2_workspace_1/ROS2_DEVELOPMENTS/install/my_cpp_pkg/share/my_cpp_pkg/local_setup.bash
[4.025s] -- Installing: /home/karthik/Documents/ROS2_DEVELOPMENTS/ros2_workspace_1/ROS2_DEVELOPMENTS/install/my_cpp_pkg/share/my_cpp_pkg/local_setup.sh
[4.025s] -- Installing: /home/karthik/Documents/ROS2_DEVELOPMENTS/ros2_workspace_1/ROS2_DEVELOPMENTS/install/my_cpp_pkg/share/my_cpp_pkg/local_setup.zsh
[4.025s] -- Installing: /home/karthik/Documents/ROS2_DEVELOPMENTS/ros2_workspace_1/ROS2_DEVELOPMENTS/install/my_cpp_pkg/share/my_cpp_pkg/local_setup.dsv
[4.025s] -- Installing: /home/karthik/Documents/ROS2_DEVELOPMENTS/ros2_workspace_1/ROS2_DEVELOPMENTS/install/my_cpp_pkg/share/my_cpp_pkg/package.dsv
[4.025s] -- Installing: /home/karthik/Documents/ROS2_DEVELOPMENTS/ros2_workspace_1/ROS2_DEVELOPMENTS/install/my_cpp_pkg/share/ament_index/resource_index/packages/my_cpp_pkg
[4.025s] -- Installing: /home/karthik/Documents/ROS2_DEVELOPMENTS/ros2_workspace_1/ROS2_DEVELOPMENTS/install/my_cpp_pkg/share/my_cpp_pkg/cmake/my_cpp_pkgConfig.cmake
[4.026s] -- Installing: /home/karthik/Documents/ROS2_DEVELOPMENTS/ros2_workspace_1/ROS2_DEVELOPMENTS/install/my_cpp_pkg/share/my_cpp_pkg/cmake/my_cpp_pkgConfig-version.cmake
[4.026s] -- Up-to-date: /home/karthik/Documents/ROS2_DEVELOPMENTS/ros2_workspace_1/ROS2_DEVELOPMENTS/install/my_cpp_pkg/share/my_cpp_pkg/package.xml
[4.027s] Invoked command in '/home/karthik/Documents/ROS2_DEVELOPMENTS/ros2_workspace_1/ROS2_DEVELOPMENTS/build/my_cpp_pkg' returned '0': CMAKE_PREFIX_PATH=${CMAKE_PREFIX_PATH}:/home/karthik/Documents/ROS2_DEVELOPMENTS/ros2_workspace_1/ROS2_DEVELOPMENTS/install/my_py_pkg:/opt/ros/jazzy DEBUGINFOD_URLS=https://debuginfod.ubuntu.com /usr/bin/cmake --install /home/karthik/Documents/ROS2_DEVELOPMENTS/ros2_workspace_1/ROS2_DEVELOPMENTS/build/my_cpp_pkg
