[1.856s] Invoking command in '/home/karthik/Documents/ROS2_DEVELOPMENTS/ros2_workspace_1/src/my_py_pkg': DEBUGINFOD_URLS=https://debuginfod.ubuntu.com PYTHONPATH=/home/karthik/Documents/ROS2_DEVELOPMENTS/ros2_workspace_1/build/my_py_pkg/prefix_override:/usr/lib/python3/dist-packages/colcon_core/task/python/colcon_distutils_commands:/home/karthik/Documents/ROS2_DEVELOPMENTS/ros2_workspace_1/install/my_py_pkg/lib/python3.12/site-packages:${PYTHONPATH} /usr/bin/python3 -W ignore:setup.py install is deprecated -W ignore:easy_install command is deprecated setup.py egg_info --egg-base ../../build/my_py_pkg build --build-base /home/karthik/Documents/ROS2_DEVELOPMENTS/ros2_workspace_1/build/my_py_pkg/build install --record /home/karthik/Documents/ROS2_DEVELOPMENTS/ros2_workspace_1/build/my_py_pkg/install.log --single-version-externally-managed install_data
[2.363s] running egg_info
[2.392s] writing ../../build/my_py_pkg/my_py_pkg.egg-info/PKG-INFO
[2.392s] writing dependency_links to ../../build/my_py_pkg/my_py_pkg.egg-info/dependency_links.txt
[2.393s] writing entry points to ../../build/my_py_pkg/my_py_pkg.egg-info/entry_points.txt
[2.393s] writing requirements to ../../build/my_py_pkg/my_py_pkg.egg-info/requires.txt
[2.394s] writing top-level names to ../../build/my_py_pkg/my_py_pkg.egg-info/top_level.txt
[2.461s] reading manifest file '../../build/my_py_pkg/my_py_pkg.egg-info/SOURCES.txt'
[2.463s] writing manifest file '../../build/my_py_pkg/my_py_pkg.egg-info/SOURCES.txt'
[2.463s] running build
[2.463s] running build_py
[2.463s] copying my_py_pkg/my_test_node.py -> /home/karthik/Documents/ROS2_DEVELOPMENTS/ros2_workspace_1/build/my_py_pkg/build/lib/my_py_pkg
[2.464s] running install
[2.476s] running install_lib
[2.508s] copying /home/karthik/Documents/ROS2_DEVELOPMENTS/ros2_workspace_1/build/my_py_pkg/build/lib/my_py_pkg/my_test_node.py -> /home/karthik/Documents/ROS2_DEVELOPMENTS/ros2_workspace_1/install/my_py_pkg/lib/python3.12/site-packages/my_py_pkg
[2.509s] byte-compiling /home/karthik/Documents/ROS2_DEVELOPMENTS/ros2_workspace_1/install/my_py_pkg/lib/python3.12/site-packages/my_py_pkg/my_test_node.py to my_test_node.cpython-312.pyc
[2.511s] running install_data
[2.511s] running install_egg_info
[2.549s] removing '/home/karthik/Documents/ROS2_DEVELOPMENTS/ros2_workspace_1/install/my_py_pkg/lib/python3.12/site-packages/my_py_pkg-0.0.0-py3.12.egg-info' (and everything under it)
[2.550s] Copying ../../build/my_py_pkg/my_py_pkg.egg-info to /home/karthik/Documents/ROS2_DEVELOPMENTS/ros2_workspace_1/install/my_py_pkg/lib/python3.12/site-packages/my_py_pkg-0.0.0-py3.12.egg-info
[2.553s] running install_scripts
[2.793s] Installing test_node_a script to /home/karthik/Documents/ROS2_DEVELOPMENTS/ros2_workspace_1/install/my_py_pkg/lib/my_py_pkg
[2.793s] Installing test_node_b script to /home/karthik/Documents/ROS2_DEVELOPMENTS/ros2_workspace_1/install/my_py_pkg/lib/my_py_pkg
[2.794s] Installing test_node_c script to /home/karthik/Documents/ROS2_DEVELOPMENTS/ros2_workspace_1/install/my_py_pkg/lib/my_py_pkg
[2.794s] writing list of installed files to '/home/karthik/Documents/ROS2_DEVELOPMENTS/ros2_workspace_1/build/my_py_pkg/install.log'
[2.851s] Invoked command in '/home/karthik/Documents/ROS2_DEVELOPMENTS/ros2_workspace_1/src/my_py_pkg' returned '0': DEBUGINFOD_URLS=https://debuginfod.ubuntu.com PYTHONPATH=/home/karthik/Documents/ROS2_DEVELOPMENTS/ros2_workspace_1/build/my_py_pkg/prefix_override:/usr/lib/python3/dist-packages/colcon_core/task/python/colcon_distutils_commands:/home/karthik/Documents/ROS2_DEVELOPMENTS/ros2_workspace_1/install/my_py_pkg/lib/python3.12/site-packages:${PYTHONPATH} /usr/bin/python3 -W ignore:setup.py install is deprecated -W ignore:easy_install command is deprecated setup.py egg_info --egg-base ../../build/my_py_pkg build --build-base /home/karthik/Documents/ROS2_DEVELOPMENTS/ros2_workspace_1/build/my_py_pkg/build install --record /home/karthik/Documents/ROS2_DEVELOPMENTS/ros2_workspace_1/build/my_py_pkg/install.log --single-version-externally-managed install_data
