[0.020s] Invoking command in '/home/karthik/Documents/ROS2_DEVELOPMENTS/ros2_workspace_1/build/my_cpp_pkg': CMAKE_PREFIX_PATH=${CMAKE_PREFIX_PATH}:/opt/ros/jazzy DEBUGINFOD_URLS=https://debuginfod.ubuntu.com /usr/bin/cmake --build /home/karthik/Documents/ROS2_DEVELOPMENTS/ros2_workspace_1/build/my_cpp_pkg -- -j12 -l12
[0.232s] Invoked command in '/home/karthik/Documents/ROS2_DEVELOPMENTS/ros2_workspace_1/build/my_cpp_pkg' returned '0': CMAKE_PREFIX_PATH=${CMAKE_PREFIX_PATH}:/opt/ros/jazzy DEBUGINFOD_URLS=https://debuginfod.ubuntu.com /usr/bin/cmake --build /home/karthik/Documents/ROS2_DEVELOPMENTS/ros2_workspace_1/build/my_cpp_pkg -- -j12 -l12
[0.244s] Invoking command in '/home/karthik/Documents/ROS2_DEVELOPMENTS/ros2_workspace_1/build/my_cpp_pkg': CMAKE_PREFIX_PATH=${CMAKE_PREFIX_PATH}:/opt/ros/jazzy DEBUGINFOD_URLS=https://debuginfod.ubuntu.com /usr/bin/cmake --install /home/karthik/Documents/ROS2_DEVELOPMENTS/ros2_workspace_1/build/my_cpp_pkg
[0.253s] -- Install configuration: ""
[0.253s] -- Up-to-date: /home/karthik/Documents/ROS2_DEVELOPMENTS/ros2_workspace_1/install/my_cpp_pkg/share/ament_index/resource_index/package_run_dependencies/my_cpp_pkg
[0.253s] -- Up-to-date: /home/karthik/Documents/ROS2_DEVELOPMENTS/ros2_workspace_1/install/my_cpp_pkg/share/ament_index/resource_index/parent_prefix_path/my_cpp_pkg
[0.254s] -- Up-to-date: /home/karthik/Documents/ROS2_DEVELOPMENTS/ros2_workspace_1/install/my_cpp_pkg/share/my_cpp_pkg/environment/ament_prefix_path.sh
[0.254s] -- Up-to-date: /home/karthik/Documents/ROS2_DEVELOPMENTS/ros2_workspace_1/install/my_cpp_pkg/share/my_cpp_pkg/environment/ament_prefix_path.dsv
[0.254s] -- Up-to-date: /home/karthik/Documents/ROS2_DEVELOPMENTS/ros2_workspace_1/install/my_cpp_pkg/share/my_cpp_pkg/environment/path.sh
[0.254s] -- Up-to-date: /home/karthik/Documents/ROS2_DEVELOPMENTS/ros2_workspace_1/install/my_cpp_pkg/share/my_cpp_pkg/environment/path.dsv
[0.254s] -- Up-to-date: /home/karthik/Documents/ROS2_DEVELOPMENTS/ros2_workspace_1/install/my_cpp_pkg/share/my_cpp_pkg/local_setup.bash
[0.254s] -- Up-to-date: /home/karthik/Documents/ROS2_DEVELOPMENTS/ros2_workspace_1/install/my_cpp_pkg/share/my_cpp_pkg/local_setup.sh
[0.254s] -- Up-to-date: /home/karthik/Documents/ROS2_DEVELOPMENTS/ros2_workspace_1/install/my_cpp_pkg/share/my_cpp_pkg/local_setup.zsh
[0.254s] -- Up-to-date: /home/karthik/Documents/ROS2_DEVELOPMENTS/ros2_workspace_1/install/my_cpp_pkg/share/my_cpp_pkg/local_setup.dsv
[0.254s] -- Up-to-date: /home/karthik/Documents/ROS2_DEVELOPMENTS/ros2_workspace_1/install/my_cpp_pkg/share/my_cpp_pkg/package.dsv
[0.254s] -- Up-to-date: /home/karthik/Documents/ROS2_DEVELOPMENTS/ros2_workspace_1/install/my_cpp_pkg/share/ament_index/resource_index/packages/my_cpp_pkg
[0.254s] -- Up-to-date: /home/karthik/Documents/ROS2_DEVELOPMENTS/ros2_workspace_1/install/my_cpp_pkg/share/my_cpp_pkg/cmake/my_cpp_pkgConfig.cmake
[0.254s] -- Up-to-date: /home/karthik/Documents/ROS2_DEVELOPMENTS/ros2_workspace_1/install/my_cpp_pkg/share/my_cpp_pkg/cmake/my_cpp_pkgConfig-version.cmake
[0.255s] -- Up-to-date: /home/karthik/Documents/ROS2_DEVELOPMENTS/ros2_workspace_1/install/my_cpp_pkg/share/my_cpp_pkg/package.xml
[0.255s] Invoked command in '/home/karthik/Documents/ROS2_DEVELOPMENTS/ros2_workspace_1/build/my_cpp_pkg' returned '0': CMAKE_PREFIX_PATH=${CMAKE_PREFIX_PATH}:/opt/ros/jazzy DEBUGINFOD_URLS=https://debuginfod.ubuntu.com /usr/bin/cmake --install /home/karthik/Documents/ROS2_DEVELOPMENTS/ros2_workspace_1/build/my_cpp_pkg
