[0.254s] DEBUG:colcon:Command line arguments: ['/usr/bin/colcon', 'build', '--packages-select', 'my_py_pkg', 'my_cpp_pkg']
[0.254s] DEBUG:colcon:Parsed command line arguments: Namespace(log_base=None, log_level=None, verb_name='build', build_base='build', install_base='install', merge_install=False, symlink_install=False, test_result_base=None, continue_on_error=False, executor='parallel', parallel_workers=12, event_handlers=None, ignore_user_meta=False, metas=['./colcon.meta'], base_paths=['.'], packages_ignore=None, packages_ignore_regex=None, paths=None, packages_up_to=None, packages_up_to_regex=None, packages_above=None, packages_above_and_dependencies=None, packages_above_depth=None, packages_select_by_dep=None, packages_skip_by_dep=None, packages_skip_up_to=None, packages_select_build_failed=False, packages_skip_build_finished=False, packages_select_test_failures=False, packages_skip_test_passed=False, packages_select=['my_py_pkg', 'my_cpp_pkg'], packages_skip=None, packages_select_regex=None, packages_skip_regex=None, packages_start=None, packages_end=None, allow_overriding=[], cmake_args=None, cmake_target=None, cmake_target_skip_unavailable=False, cmake_clean_cache=False, cmake_clean_first=False, cmake_force_configure=False, ament_cmake_args=None, catkin_cmake_args=None, catkin_skip_building_tests=False, mixin_files=None, mixin=None, verb_parser=<colcon_mixin.mixin.mixin_argument.MixinArgumentDecorator object at 0x7adf8757fa70>, verb_extension=<colcon_core.verb.build.BuildVerb object at 0x7adf8757f740>, main=<bound method BuildVerb.main of <colcon_core.verb.build.BuildVerb object at 0x7adf8757f740>>, mixin_verb=('build',))
[0.382s] Level 1:colcon.colcon_core.package_discovery:discover_packages(colcon_meta) check parameters
[0.383s] Level 1:colcon.colcon_core.package_discovery:discover_packages(recursive) check parameters
[0.383s] Level 1:colcon.colcon_core.package_discovery:discover_packages(ignore) check parameters
[0.383s] Level 1:colcon.colcon_core.package_discovery:discover_packages(path) check parameters
[0.383s] Level 1:colcon.colcon_core.package_discovery:discover_packages(colcon_meta) discover
[0.383s] Level 1:colcon.colcon_core.package_discovery:discover_packages(recursive) discover
[0.383s] INFO:colcon.colcon_core.package_discovery:Crawling recursively for packages in '/home/karthik/Documents/ROS2_DEVELOPMENTS/ros2_workspace_1'
[0.383s] Level 1:colcon.colcon_core.package_identification:_identify(.) by extensions ['ignore', 'ignore_ament_install']
[0.384s] Level 1:colcon.colcon_core.package_identification:_identify(.) by extension 'ignore'
[0.384s] Level 1:colcon.colcon_core.package_identification:_identify(.) by extension 'ignore_ament_install'
[0.384s] Level 1:colcon.colcon_core.package_identification:_identify(.) by extensions ['colcon_pkg']
[0.384s] Level 1:colcon.colcon_core.package_identification:_identify(.) by extension 'colcon_pkg'
[0.384s] Level 1:colcon.colcon_core.package_identification:_identify(.) by extensions ['colcon_meta']
[0.384s] Level 1:colcon.colcon_core.package_identification:_identify(.) by extension 'colcon_meta'
[0.384s] Level 1:colcon.colcon_core.package_identification:_identify(.) by extensions ['ros']
[0.384s] Level 1:colcon.colcon_core.package_identification:_identify(.) by extension 'ros'
[0.449s] Level 1:colcon.colcon_core.package_identification:_identify(.) by extensions ['cmake', 'python']
[0.449s] Level 1:colcon.colcon_core.package_identification:_identify(.) by extension 'cmake'
[0.450s] Level 1:colcon.colcon_core.package_identification:_identify(.) by extension 'python'
[0.450s] Level 1:colcon.colcon_core.package_identification:_identify(.) by extensions ['python_setup_py']
[0.450s] Level 1:colcon.colcon_core.package_identification:_identify(.) by extension 'python_setup_py'
[0.450s] Level 1:colcon.colcon_core.package_identification:_identify(build) by extensions ['ignore', 'ignore_ament_install']
[0.450s] Level 1:colcon.colcon_core.package_identification:_identify(build) by extension 'ignore'
[0.450s] Level 1:colcon.colcon_core.package_identification:_identify(build) ignored
[0.451s] Level 1:colcon.colcon_core.package_identification:_identify(install) by extensions ['ignore', 'ignore_ament_install']
[0.451s] Level 1:colcon.colcon_core.package_identification:_identify(install) by extension 'ignore'
[0.451s] Level 1:colcon.colcon_core.package_identification:_identify(install) ignored
[0.451s] Level 1:colcon.colcon_core.package_identification:_identify(log) by extensions ['ignore', 'ignore_ament_install']
[0.451s] Level 1:colcon.colcon_core.package_identification:_identify(log) by extension 'ignore'
[0.451s] Level 1:colcon.colcon_core.package_identification:_identify(log) ignored
[0.451s] Level 1:colcon.colcon_core.package_identification:_identify(src) by extensions ['ignore', 'ignore_ament_install']
[0.452s] Level 1:colcon.colcon_core.package_identification:_identify(src) by extension 'ignore'
[0.452s] Level 1:colcon.colcon_core.package_identification:_identify(src) by extension 'ignore_ament_install'
[0.452s] Level 1:colcon.colcon_core.package_identification:_identify(src) by extensions ['colcon_pkg']
[0.452s] Level 1:colcon.colcon_core.package_identification:_identify(src) by extension 'colcon_pkg'
[0.452s] Level 1:colcon.colcon_core.package_identification:_identify(src) by extensions ['colcon_meta']
[0.452s] Level 1:colcon.colcon_core.package_identification:_identify(src) by extension 'colcon_meta'
[0.452s] Level 1:colcon.colcon_core.package_identification:_identify(src) by extensions ['ros']
[0.452s] Level 1:colcon.colcon_core.package_identification:_identify(src) by extension 'ros'
[0.452s] Level 1:colcon.colcon_core.package_identification:_identify(src) by extensions ['cmake', 'python']
[0.452s] Level 1:colcon.colcon_core.package_identification:_identify(src) by extension 'cmake'
[0.452s] Level 1:colcon.colcon_core.package_identification:_identify(src) by extension 'python'
[0.452s] Level 1:colcon.colcon_core.package_identification:_identify(src) by extensions ['python_setup_py']
[0.452s] Level 1:colcon.colcon_core.package_identification:_identify(src) by extension 'python_setup_py'
[0.453s] Level 1:colcon.colcon_core.package_identification:_identify(src/my_cpp_pkg) by extensions ['ignore', 'ignore_ament_install']
[0.453s] Level 1:colcon.colcon_core.package_identification:_identify(src/my_cpp_pkg) by extension 'ignore'
[0.453s] Level 1:colcon.colcon_core.package_identification:_identify(src/my_cpp_pkg) by extension 'ignore_ament_install'
[0.453s] Level 1:colcon.colcon_core.package_identification:_identify(src/my_cpp_pkg) by extensions ['colcon_pkg']
[0.453s] Level 1:colcon.colcon_core.package_identification:_identify(src/my_cpp_pkg) by extension 'colcon_pkg'
[0.453s] Level 1:colcon.colcon_core.package_identification:_identify(src/my_cpp_pkg) by extensions ['colcon_meta']
[0.453s] Level 1:colcon.colcon_core.package_identification:_identify(src/my_cpp_pkg) by extension 'colcon_meta'
[0.453s] Level 1:colcon.colcon_core.package_identification:_identify(src/my_cpp_pkg) by extensions ['ros']
[0.453s] Level 1:colcon.colcon_core.package_identification:_identify(src/my_cpp_pkg) by extension 'ros'
[0.460s] DEBUG:colcon.colcon_core.package_identification:Package 'src/my_cpp_pkg' with type 'ros.ament_cmake' and name 'my_cpp_pkg'
[0.461s] Level 1:colcon.colcon_core.package_identification:_identify(src/my_py_pkg) by extensions ['ignore', 'ignore_ament_install']
[0.461s] Level 1:colcon.colcon_core.package_identification:_identify(src/my_py_pkg) by extension 'ignore'
[0.461s] Level 1:colcon.colcon_core.package_identification:_identify(src/my_py_pkg) by extension 'ignore_ament_install'
[0.461s] Level 1:colcon.colcon_core.package_identification:_identify(src/my_py_pkg) by extensions ['colcon_pkg']
[0.461s] Level 1:colcon.colcon_core.package_identification:_identify(src/my_py_pkg) by extension 'colcon_pkg'
[0.461s] Level 1:colcon.colcon_core.package_identification:_identify(src/my_py_pkg) by extensions ['colcon_meta']
[0.461s] Level 1:colcon.colcon_core.package_identification:_identify(src/my_py_pkg) by extension 'colcon_meta'
[0.461s] Level 1:colcon.colcon_core.package_identification:_identify(src/my_py_pkg) by extensions ['ros']
[0.461s] Level 1:colcon.colcon_core.package_identification:_identify(src/my_py_pkg) by extension 'ros'
[0.462s] DEBUG:colcon.colcon_core.package_identification:Package 'src/my_py_pkg' with type 'ros.ament_python' and name 'my_py_pkg'
[0.462s] Level 1:colcon.colcon_core.package_discovery:discover_packages(recursive) using defaults
[0.463s] Level 1:colcon.colcon_core.package_discovery:discover_packages(ignore) discover
[0.463s] Level 1:colcon.colcon_core.package_discovery:discover_packages(ignore) using defaults
[0.463s] Level 1:colcon.colcon_core.package_discovery:discover_packages(path) discover
[0.463s] Level 1:colcon.colcon_core.package_discovery:discover_packages(path) using defaults
[0.515s] Level 1:colcon.colcon_core.package_discovery:discover_packages(prefix_path) check parameters
[0.515s] Level 1:colcon.colcon_core.package_discovery:discover_packages(prefix_path) discover
[0.520s] DEBUG:colcon.colcon_installed_package_information.package_discovery:Found 2 installed packages in /home/karthik/Documents/ROS2_DEVELOPMENTS/ros2_workspace_1/install
[0.524s] DEBUG:colcon.colcon_installed_package_information.package_discovery:Found 285 installed packages in /opt/ros/jazzy
[0.527s] Level 1:colcon.colcon_core.package_discovery:discover_packages(prefix_path) using defaults
[0.607s] Level 5:colcon.colcon_core.verb:set package 'my_cpp_pkg' build argument 'cmake_args' from command line to 'None'
[0.607s] Level 5:colcon.colcon_core.verb:set package 'my_cpp_pkg' build argument 'cmake_target' from command line to 'None'
[0.608s] Level 5:colcon.colcon_core.verb:set package 'my_cpp_pkg' build argument 'cmake_target_skip_unavailable' from command line to 'False'
[0.608s] Level 5:colcon.colcon_core.verb:set package 'my_cpp_pkg' build argument 'cmake_clean_cache' from command line to 'False'
[0.608s] Level 5:colcon.colcon_core.verb:set package 'my_cpp_pkg' build argument 'cmake_clean_first' from command line to 'False'
[0.608s] Level 5:colcon.colcon_core.verb:set package 'my_cpp_pkg' build argument 'cmake_force_configure' from command line to 'False'
[0.608s] Level 5:colcon.colcon_core.verb:set package 'my_cpp_pkg' build argument 'ament_cmake_args' from command line to 'None'
[0.608s] Level 5:colcon.colcon_core.verb:set package 'my_cpp_pkg' build argument 'catkin_cmake_args' from command line to 'None'
[0.608s] Level 5:colcon.colcon_core.verb:set package 'my_cpp_pkg' build argument 'catkin_skip_building_tests' from command line to 'False'
[0.608s] DEBUG:colcon.colcon_core.verb:Building package 'my_cpp_pkg' with the following arguments: {'ament_cmake_args': None, 'build_base': '/home/karthik/Documents/ROS2_DEVELOPMENTS/ros2_workspace_1/build/my_cpp_pkg', 'catkin_cmake_args': None, 'catkin_skip_building_tests': False, 'cmake_args': None, 'cmake_clean_cache': False, 'cmake_clean_first': False, 'cmake_force_configure': False, 'cmake_target': None, 'cmake_target_skip_unavailable': False, 'install_base': '/home/karthik/Documents/ROS2_DEVELOPMENTS/ros2_workspace_1/install/my_cpp_pkg', 'merge_install': False, 'path': '/home/karthik/Documents/ROS2_DEVELOPMENTS/ros2_workspace_1/src/my_cpp_pkg', 'symlink_install': False, 'test_result_base': None}
[0.608s] Level 5:colcon.colcon_core.verb:set package 'my_py_pkg' build argument 'cmake_args' from command line to 'None'
[0.608s] Level 5:colcon.colcon_core.verb:set package 'my_py_pkg' build argument 'cmake_target' from command line to 'None'
[0.608s] Level 5:colcon.colcon_core.verb:set package 'my_py_pkg' build argument 'cmake_target_skip_unavailable' from command line to 'False'
[0.609s] Level 5:colcon.colcon_core.verb:set package 'my_py_pkg' build argument 'cmake_clean_cache' from command line to 'False'
[0.609s] Level 5:colcon.colcon_core.verb:set package 'my_py_pkg' build argument 'cmake_clean_first' from command line to 'False'
[0.609s] Level 5:colcon.colcon_core.verb:set package 'my_py_pkg' build argument 'cmake_force_configure' from command line to 'False'
[0.609s] Level 5:colcon.colcon_core.verb:set package 'my_py_pkg' build argument 'ament_cmake_args' from command line to 'None'
[0.609s] Level 5:colcon.colcon_core.verb:set package 'my_py_pkg' build argument 'catkin_cmake_args' from command line to 'None'
[0.609s] Level 5:colcon.colcon_core.verb:set package 'my_py_pkg' build argument 'catkin_skip_building_tests' from command line to 'False'
[0.609s] DEBUG:colcon.colcon_core.verb:Building package 'my_py_pkg' with the following arguments: {'ament_cmake_args': None, 'build_base': '/home/karthik/Documents/ROS2_DEVELOPMENTS/ros2_workspace_1/build/my_py_pkg', 'catkin_cmake_args': None, 'catkin_skip_building_tests': False, 'cmake_args': None, 'cmake_clean_cache': False, 'cmake_clean_first': False, 'cmake_force_configure': False, 'cmake_target': None, 'cmake_target_skip_unavailable': False, 'install_base': '/home/karthik/Documents/ROS2_DEVELOPMENTS/ros2_workspace_1/install/my_py_pkg', 'merge_install': False, 'path': '/home/karthik/Documents/ROS2_DEVELOPMENTS/ros2_workspace_1/src/my_py_pkg', 'symlink_install': False, 'test_result_base': None}
[0.609s] INFO:colcon.colcon_core.executor:Executing jobs using 'parallel' executor
[0.611s] DEBUG:colcon.colcon_parallel_executor.executor.parallel:run_until_complete
[0.611s] INFO:colcon.colcon_ros.task.ament_cmake.build:Building ROS package in '/home/karthik/Documents/ROS2_DEVELOPMENTS/ros2_workspace_1/src/my_cpp_pkg' with build type 'ament_cmake'
[0.611s] INFO:colcon.colcon_cmake.task.cmake.build:Building CMake package in '/home/karthik/Documents/ROS2_DEVELOPMENTS/ros2_workspace_1/src/my_cpp_pkg'
[0.619s] INFO:colcon.colcon_core.plugin_system:Skipping extension 'colcon_core.shell.bat': Not used on non-Windows systems
[0.619s] INFO:colcon.colcon_core.shell:Skip shell extension 'powershell' for command environment: Not usable outside of PowerShell
[0.619s] DEBUG:colcon.colcon_core.shell:Skip shell extension 'dsv' for command environment
[0.625s] INFO:colcon.colcon_ros.task.ament_python.build:Building ROS package in '/home/karthik/Documents/ROS2_DEVELOPMENTS/ros2_workspace_1/src/my_py_pkg' with build type 'ament_python'
[0.625s] Level 1:colcon.colcon_core.shell:create_environment_hook('my_py_pkg', 'ament_prefix_path')
[0.625s] INFO:colcon.colcon_core.shell:Creating environment hook '/home/karthik/Documents/ROS2_DEVELOPMENTS/ros2_workspace_1/install/my_py_pkg/share/my_py_pkg/hook/ament_prefix_path.ps1'
[0.627s] INFO:colcon.colcon_core.shell:Creating environment descriptor '/home/karthik/Documents/ROS2_DEVELOPMENTS/ros2_workspace_1/install/my_py_pkg/share/my_py_pkg/hook/ament_prefix_path.dsv'
[0.628s] INFO:colcon.colcon_core.shell:Creating environment hook '/home/karthik/Documents/ROS2_DEVELOPMENTS/ros2_workspace_1/install/my_py_pkg/share/my_py_pkg/hook/ament_prefix_path.sh'
[0.629s] INFO:colcon.colcon_core.shell:Skip shell extension 'powershell' for command environment: Not usable outside of PowerShell
[0.629s] DEBUG:colcon.colcon_core.shell:Skip shell extension 'dsv' for command environment
[0.638s] DEBUG:colcon.colcon_core.event_handler.log_command:Invoking command in '/home/karthik/Documents/ROS2_DEVELOPMENTS/ros2_workspace_1/build/my_cpp_pkg': CMAKE_PREFIX_PATH=${CMAKE_PREFIX_PATH}:/home/karthik/Documents/ROS2_DEVELOPMENTS/ros2_workspace_1/install/my_py_pkg:/opt/ros/jazzy DEBUGINFOD_URLS=https://debuginfod.ubuntu.com /usr/bin/cmake --build /home/karthik/Documents/ROS2_DEVELOPMENTS/ros2_workspace_1/build/my_cpp_pkg -- -j12 -l12
[1.118s] INFO:colcon.colcon_core.task.python.build:Building Python package in '/home/karthik/Documents/ROS2_DEVELOPMENTS/ros2_workspace_1/src/my_py_pkg'
[1.119s] INFO:colcon.colcon_core.shell:Skip shell extension 'powershell' for command environment: Not usable outside of PowerShell
[1.119s] DEBUG:colcon.colcon_core.shell:Skip shell extension 'dsv' for command environment
[1.131s] DEBUG:colcon.colcon_core.event_handler.log_command:Invoked command in '/home/karthik/Documents/ROS2_DEVELOPMENTS/ros2_workspace_1/build/my_cpp_pkg' returned '0': CMAKE_PREFIX_PATH=${CMAKE_PREFIX_PATH}:/home/karthik/Documents/ROS2_DEVELOPMENTS/ros2_workspace_1/install/my_py_pkg:/opt/ros/jazzy DEBUGINFOD_URLS=https://debuginfod.ubuntu.com /usr/bin/cmake --build /home/karthik/Documents/ROS2_DEVELOPMENTS/ros2_workspace_1/build/my_cpp_pkg -- -j12 -l12
[1.160s] DEBUG:colcon.colcon_core.event_handler.log_command:Invoking command in '/home/karthik/Documents/ROS2_DEVELOPMENTS/ros2_workspace_1/build/my_cpp_pkg': CMAKE_PREFIX_PATH=${CMAKE_PREFIX_PATH}:/home/karthik/Documents/ROS2_DEVELOPMENTS/ros2_workspace_1/install/my_py_pkg:/opt/ros/jazzy DEBUGINFOD_URLS=https://debuginfod.ubuntu.com /usr/bin/cmake --install /home/karthik/Documents/ROS2_DEVELOPMENTS/ros2_workspace_1/build/my_cpp_pkg
[1.188s] Level 1:colcon.colcon_core.environment:create_environment_scripts_only(my_cpp_pkg)
[1.190s] DEBUG:colcon.colcon_core.event_handler.log_command:Invoked command in '/home/karthik/Documents/ROS2_DEVELOPMENTS/ros2_workspace_1/build/my_cpp_pkg' returned '0': CMAKE_PREFIX_PATH=${CMAKE_PREFIX_PATH}:/home/karthik/Documents/ROS2_DEVELOPMENTS/ros2_workspace_1/install/my_py_pkg:/opt/ros/jazzy DEBUGINFOD_URLS=https://debuginfod.ubuntu.com /usr/bin/cmake --install /home/karthik/Documents/ROS2_DEVELOPMENTS/ros2_workspace_1/build/my_cpp_pkg
[1.195s] Level 1:colcon.colcon_core.environment:checking '/home/karthik/Documents/ROS2_DEVELOPMENTS/ros2_workspace_1/install/my_cpp_pkg' for CMake module files
[1.196s] Level 1:colcon.colcon_core.environment:checking '/home/karthik/Documents/ROS2_DEVELOPMENTS/ros2_workspace_1/install/my_cpp_pkg' for CMake config files
[1.196s] Level 1:colcon.colcon_core.shell:create_environment_hook('my_cpp_pkg', 'cmake_prefix_path')
[1.196s] INFO:colcon.colcon_core.shell:Creating environment hook '/home/karthik/Documents/ROS2_DEVELOPMENTS/ros2_workspace_1/install/my_cpp_pkg/share/my_cpp_pkg/hook/cmake_prefix_path.ps1'
[1.197s] INFO:colcon.colcon_core.shell:Creating environment descriptor '/home/karthik/Documents/ROS2_DEVELOPMENTS/ros2_workspace_1/install/my_cpp_pkg/share/my_cpp_pkg/hook/cmake_prefix_path.dsv'
[1.197s] INFO:colcon.colcon_core.shell:Creating environment hook '/home/karthik/Documents/ROS2_DEVELOPMENTS/ros2_workspace_1/install/my_cpp_pkg/share/my_cpp_pkg/hook/cmake_prefix_path.sh'
[1.198s] Level 1:colcon.colcon_core.environment:checking '/home/karthik/Documents/ROS2_DEVELOPMENTS/ros2_workspace_1/install/my_cpp_pkg/bin'
[1.198s] Level 1:colcon.colcon_core.environment:checking '/home/karthik/Documents/ROS2_DEVELOPMENTS/ros2_workspace_1/install/my_cpp_pkg/lib/pkgconfig/my_cpp_pkg.pc'
[1.199s] Level 1:colcon.colcon_core.environment:checking '/home/karthik/Documents/ROS2_DEVELOPMENTS/ros2_workspace_1/install/my_cpp_pkg/lib/python3.12/site-packages'
[1.199s] Level 1:colcon.colcon_core.environment:checking '/home/karthik/Documents/ROS2_DEVELOPMENTS/ros2_workspace_1/install/my_cpp_pkg/bin'
[1.199s] INFO:colcon.colcon_core.shell:Creating package script '/home/karthik/Documents/ROS2_DEVELOPMENTS/ros2_workspace_1/install/my_cpp_pkg/share/my_cpp_pkg/package.ps1'
[1.200s] INFO:colcon.colcon_core.shell:Creating package descriptor '/home/karthik/Documents/ROS2_DEVELOPMENTS/ros2_workspace_1/install/my_cpp_pkg/share/my_cpp_pkg/package.dsv'
[1.201s] INFO:colcon.colcon_core.shell:Creating package script '/home/karthik/Documents/ROS2_DEVELOPMENTS/ros2_workspace_1/install/my_cpp_pkg/share/my_cpp_pkg/package.sh'
[1.202s] INFO:colcon.colcon_core.shell:Creating package script '/home/karthik/Documents/ROS2_DEVELOPMENTS/ros2_workspace_1/install/my_cpp_pkg/share/my_cpp_pkg/package.bash'
[1.203s] INFO:colcon.colcon_core.shell:Creating package script '/home/karthik/Documents/ROS2_DEVELOPMENTS/ros2_workspace_1/install/my_cpp_pkg/share/my_cpp_pkg/package.zsh'
[1.205s] Level 1:colcon.colcon_core.environment:create_file_with_runtime_dependencies(/home/karthik/Documents/ROS2_DEVELOPMENTS/ros2_workspace_1/install/my_cpp_pkg/share/colcon-core/packages/my_cpp_pkg)
[1.205s] Level 1:colcon.colcon_core.environment:create_environment_scripts_only(my_cpp_pkg)
[1.205s] Level 1:colcon.colcon_core.environment:checking '/home/karthik/Documents/ROS2_DEVELOPMENTS/ros2_workspace_1/install/my_cpp_pkg' for CMake module files
[1.206s] Level 1:colcon.colcon_core.environment:checking '/home/karthik/Documents/ROS2_DEVELOPMENTS/ros2_workspace_1/install/my_cpp_pkg' for CMake config files
[1.206s] Level 1:colcon.colcon_core.shell:create_environment_hook('my_cpp_pkg', 'cmake_prefix_path')
[1.206s] INFO:colcon.colcon_core.shell:Creating environment hook '/home/karthik/Documents/ROS2_DEVELOPMENTS/ros2_workspace_1/install/my_cpp_pkg/share/my_cpp_pkg/hook/cmake_prefix_path.ps1'
[1.207s] INFO:colcon.colcon_core.shell:Creating environment descriptor '/home/karthik/Documents/ROS2_DEVELOPMENTS/ros2_workspace_1/install/my_cpp_pkg/share/my_cpp_pkg/hook/cmake_prefix_path.dsv'
[1.207s] INFO:colcon.colcon_core.shell:Creating environment hook '/home/karthik/Documents/ROS2_DEVELOPMENTS/ros2_workspace_1/install/my_cpp_pkg/share/my_cpp_pkg/hook/cmake_prefix_path.sh'
[1.208s] Level 1:colcon.colcon_core.environment:checking '/home/karthik/Documents/ROS2_DEVELOPMENTS/ros2_workspace_1/install/my_cpp_pkg/bin'
[1.208s] Level 1:colcon.colcon_core.environment:checking '/home/karthik/Documents/ROS2_DEVELOPMENTS/ros2_workspace_1/install/my_cpp_pkg/lib/pkgconfig/my_cpp_pkg.pc'
[1.208s] Level 1:colcon.colcon_core.environment:checking '/home/karthik/Documents/ROS2_DEVELOPMENTS/ros2_workspace_1/install/my_cpp_pkg/lib/python3.12/site-packages'
[1.209s] Level 1:colcon.colcon_core.environment:checking '/home/karthik/Documents/ROS2_DEVELOPMENTS/ros2_workspace_1/install/my_cpp_pkg/bin'
[1.209s] INFO:colcon.colcon_core.shell:Creating package script '/home/karthik/Documents/ROS2_DEVELOPMENTS/ros2_workspace_1/install/my_cpp_pkg/share/my_cpp_pkg/package.ps1'
[1.209s] INFO:colcon.colcon_core.shell:Creating package descriptor '/home/karthik/Documents/ROS2_DEVELOPMENTS/ros2_workspace_1/install/my_cpp_pkg/share/my_cpp_pkg/package.dsv'
[1.210s] INFO:colcon.colcon_core.shell:Creating package script '/home/karthik/Documents/ROS2_DEVELOPMENTS/ros2_workspace_1/install/my_cpp_pkg/share/my_cpp_pkg/package.sh'
[1.211s] INFO:colcon.colcon_core.shell:Creating package script '/home/karthik/Documents/ROS2_DEVELOPMENTS/ros2_workspace_1/install/my_cpp_pkg/share/my_cpp_pkg/package.bash'
[1.212s] INFO:colcon.colcon_core.shell:Creating package script '/home/karthik/Documents/ROS2_DEVELOPMENTS/ros2_workspace_1/install/my_cpp_pkg/share/my_cpp_pkg/package.zsh'
[1.213s] Level 1:colcon.colcon_core.environment:create_file_with_runtime_dependencies(/home/karthik/Documents/ROS2_DEVELOPMENTS/ros2_workspace_1/install/my_cpp_pkg/share/colcon-core/packages/my_cpp_pkg)
[2.481s] DEBUG:colcon.colcon_core.event_handler.log_command:Invoking command in '/home/karthik/Documents/ROS2_DEVELOPMENTS/ros2_workspace_1/src/my_py_pkg': DEBUGINFOD_URLS=https://debuginfod.ubuntu.com PYTHONPATH=/home/karthik/Documents/ROS2_DEVELOPMENTS/ros2_workspace_1/build/my_py_pkg/prefix_override:/usr/lib/python3/dist-packages/colcon_core/task/python/colcon_distutils_commands:/home/karthik/Documents/ROS2_DEVELOPMENTS/ros2_workspace_1/install/my_py_pkg/lib/python3.12/site-packages:${PYTHONPATH} /usr/bin/python3 -W ignore:setup.py install is deprecated -W ignore:easy_install command is deprecated setup.py egg_info --egg-base ../../build/my_py_pkg build --build-base /home/karthik/Documents/ROS2_DEVELOPMENTS/ros2_workspace_1/build/my_py_pkg/build install --record /home/karthik/Documents/ROS2_DEVELOPMENTS/ros2_workspace_1/build/my_py_pkg/install.log --single-version-externally-managed install_data
[3.475s] Level 1:colcon.colcon_core.environment:checking '/home/karthik/Documents/ROS2_DEVELOPMENTS/ros2_workspace_1/install/my_py_pkg' for CMake module files
[3.477s] DEBUG:colcon.colcon_core.event_handler.log_command:Invoked command in '/home/karthik/Documents/ROS2_DEVELOPMENTS/ros2_workspace_1/src/my_py_pkg' returned '0': DEBUGINFOD_URLS=https://debuginfod.ubuntu.com PYTHONPATH=/home/karthik/Documents/ROS2_DEVELOPMENTS/ros2_workspace_1/build/my_py_pkg/prefix_override:/usr/lib/python3/dist-packages/colcon_core/task/python/colcon_distutils_commands:/home/karthik/Documents/ROS2_DEVELOPMENTS/ros2_workspace_1/install/my_py_pkg/lib/python3.12/site-packages:${PYTHONPATH} /usr/bin/python3 -W ignore:setup.py install is deprecated -W ignore:easy_install command is deprecated setup.py egg_info --egg-base ../../build/my_py_pkg build --build-base /home/karthik/Documents/ROS2_DEVELOPMENTS/ros2_workspace_1/build/my_py_pkg/build install --record /home/karthik/Documents/ROS2_DEVELOPMENTS/ros2_workspace_1/build/my_py_pkg/install.log --single-version-externally-managed install_data
[3.477s] Level 1:colcon.colcon_core.environment:checking '/home/karthik/Documents/ROS2_DEVELOPMENTS/ros2_workspace_1/install/my_py_pkg' for CMake config files
[3.479s] Level 1:colcon.colcon_core.environment:checking '/home/karthik/Documents/ROS2_DEVELOPMENTS/ros2_workspace_1/install/my_py_pkg/lib'
[3.479s] Level 1:colcon.colcon_core.environment:checking '/home/karthik/Documents/ROS2_DEVELOPMENTS/ros2_workspace_1/install/my_py_pkg/bin'
[3.479s] Level 1:colcon.colcon_core.environment:checking '/home/karthik/Documents/ROS2_DEVELOPMENTS/ros2_workspace_1/install/my_py_pkg/lib/pkgconfig/my_py_pkg.pc'
[3.480s] Level 1:colcon.colcon_core.environment:checking '/home/karthik/Documents/ROS2_DEVELOPMENTS/ros2_workspace_1/install/my_py_pkg/lib/python3.12/site-packages'
[3.480s] Level 1:colcon.colcon_core.shell:create_environment_hook('my_py_pkg', 'pythonpath')
[3.480s] INFO:colcon.colcon_core.shell:Creating environment hook '/home/karthik/Documents/ROS2_DEVELOPMENTS/ros2_workspace_1/install/my_py_pkg/share/my_py_pkg/hook/pythonpath.ps1'
[3.481s] INFO:colcon.colcon_core.shell:Creating environment descriptor '/home/karthik/Documents/ROS2_DEVELOPMENTS/ros2_workspace_1/install/my_py_pkg/share/my_py_pkg/hook/pythonpath.dsv'
[3.482s] INFO:colcon.colcon_core.shell:Creating environment hook '/home/karthik/Documents/ROS2_DEVELOPMENTS/ros2_workspace_1/install/my_py_pkg/share/my_py_pkg/hook/pythonpath.sh'
[3.483s] Level 1:colcon.colcon_core.environment:checking '/home/karthik/Documents/ROS2_DEVELOPMENTS/ros2_workspace_1/install/my_py_pkg/bin'
[3.484s] Level 1:colcon.colcon_core.environment:create_environment_scripts_only(my_py_pkg)
[3.484s] INFO:colcon.colcon_core.shell:Creating package script '/home/karthik/Documents/ROS2_DEVELOPMENTS/ros2_workspace_1/install/my_py_pkg/share/my_py_pkg/package.ps1'
[3.485s] INFO:colcon.colcon_core.shell:Creating package descriptor '/home/karthik/Documents/ROS2_DEVELOPMENTS/ros2_workspace_1/install/my_py_pkg/share/my_py_pkg/package.dsv'
[3.486s] INFO:colcon.colcon_core.shell:Creating package script '/home/karthik/Documents/ROS2_DEVELOPMENTS/ros2_workspace_1/install/my_py_pkg/share/my_py_pkg/package.sh'
[3.486s] INFO:colcon.colcon_core.shell:Creating package script '/home/karthik/Documents/ROS2_DEVELOPMENTS/ros2_workspace_1/install/my_py_pkg/share/my_py_pkg/package.bash'
[3.487s] INFO:colcon.colcon_core.shell:Creating package script '/home/karthik/Documents/ROS2_DEVELOPMENTS/ros2_workspace_1/install/my_py_pkg/share/my_py_pkg/package.zsh'
[3.488s] Level 1:colcon.colcon_core.environment:create_file_with_runtime_dependencies(/home/karthik/Documents/ROS2_DEVELOPMENTS/ros2_workspace_1/install/my_py_pkg/share/colcon-core/packages/my_py_pkg)
[3.488s] DEBUG:colcon.colcon_parallel_executor.executor.parallel:closing loop
[3.489s] DEBUG:colcon.colcon_parallel_executor.executor.parallel:loop closed
[3.489s] DEBUG:colcon.colcon_parallel_executor.executor.parallel:run_until_complete finished with '0'
[3.490s] DEBUG:colcon.colcon_core.event_reactor:joining thread
[3.502s] INFO:colcon.colcon_core.plugin_system:Skipping extension 'colcon_notification.desktop_notification.terminal_notifier': Not used on non-Darwin systems
[3.502s] INFO:colcon.colcon_core.plugin_system:Skipping extension 'colcon_notification.desktop_notification.win32': Not used on non-Windows systems
[3.502s] INFO:colcon.colcon_notification.desktop_notification:Sending desktop notification using 'notify2'
[3.541s] DEBUG:colcon.colcon_core.event_reactor:joined thread
[3.541s] INFO:colcon.colcon_core.shell:Creating prefix script '/home/karthik/Documents/ROS2_DEVELOPMENTS/ros2_workspace_1/install/local_setup.ps1'
[3.544s] INFO:colcon.colcon_core.shell:Creating prefix util module '/home/karthik/Documents/ROS2_DEVELOPMENTS/ros2_workspace_1/install/_local_setup_util_ps1.py'
[3.546s] INFO:colcon.colcon_core.shell:Creating prefix chain script '/home/karthik/Documents/ROS2_DEVELOPMENTS/ros2_workspace_1/install/setup.ps1'
[3.548s] INFO:colcon.colcon_core.shell:Creating prefix script '/home/karthik/Documents/ROS2_DEVELOPMENTS/ros2_workspace_1/install/local_setup.sh'
[3.550s] INFO:colcon.colcon_core.shell:Creating prefix util module '/home/karthik/Documents/ROS2_DEVELOPMENTS/ros2_workspace_1/install/_local_setup_util_sh.py'
[3.551s] INFO:colcon.colcon_core.shell:Creating prefix chain script '/home/karthik/Documents/ROS2_DEVELOPMENTS/ros2_workspace_1/install/setup.sh'
[3.553s] INFO:colcon.colcon_core.shell:Creating prefix script '/home/karthik/Documents/ROS2_DEVELOPMENTS/ros2_workspace_1/install/local_setup.bash'
[3.555s] INFO:colcon.colcon_core.shell:Creating prefix chain script '/home/karthik/Documents/ROS2_DEVELOPMENTS/ros2_workspace_1/install/setup.bash'
[3.558s] INFO:colcon.colcon_core.shell:Creating prefix script '/home/karthik/Documents/ROS2_DEVELOPMENTS/ros2_workspace_1/install/local_setup.zsh'
[3.559s] INFO:colcon.colcon_core.shell:Creating prefix chain script '/home/karthik/Documents/ROS2_DEVELOPMENTS/ros2_workspace_1/install/setup.zsh'
