[0.518s] Invoking command in '/home/karthik/Documents/ROS2_DEVELOPMENTS/ros2_workspace_1/ROS2_DEVELOPMENTS/src/my_py_pkg': DEBUGINFOD_URLS=https://debuginfod.ubuntu.com PYTHONPATH=/home/karthik/Documents/ROS2_DEVELOPMENTS/ros2_workspace_1/ROS2_DEVELOPMENTS/build/my_py_pkg/prefix_override:/usr/lib/python3/dist-packages/colcon_core/task/python/colcon_distutils_commands:/home/karthik/Documents/ROS2_DEVELOPMENTS/ros2_workspace_1/ROS2_DEVELOPMENTS/install/my_py_pkg/lib/python3.12/site-packages:${PYTHONPATH} /usr/bin/python3 -W ignore:setup.py install is deprecated -W ignore:easy_install command is deprecated setup.py egg_info --egg-base ../../build/my_py_pkg build --build-base /home/karthik/Documents/ROS2_DEVELOPMENTS/ros2_workspace_1/ROS2_DEVELOPMENTS/build/my_py_pkg/build install --record /home/karthik/Documents/ROS2_DEVELOPMENTS/ros2_workspace_1/ROS2_DEVELOPMENTS/build/my_py_pkg/install.log --single-version-externally-managed install_data
[0.710s] running egg_info
[0.722s] writing ../../build/my_py_pkg/my_py_pkg.egg-info/PKG-INFO
[0.722s] writing dependency_links to ../../build/my_py_pkg/my_py_pkg.egg-info/dependency_links.txt
[0.722s] writing entry points to ../../build/my_py_pkg/my_py_pkg.egg-info/entry_points.txt
[0.723s] writing requirements to ../../build/my_py_pkg/my_py_pkg.egg-info/requires.txt
[0.723s] writing top-level names to ../../build/my_py_pkg/my_py_pkg.egg-info/top_level.txt
[0.746s] reading manifest file '../../build/my_py_pkg/my_py_pkg.egg-info/SOURCES.txt'
[0.747s] writing manifest file '../../build/my_py_pkg/my_py_pkg.egg-info/SOURCES.txt'
[0.747s] running build
[0.747s] running build_py
[0.747s] copying my_py_pkg/smart_sensor.py -> /home/karthik/Documents/ROS2_DEVELOPMENTS/ros2_workspace_1/ROS2_DEVELOPMENTS/build/my_py_pkg/build/lib/my_py_pkg
[0.747s] running install
[0.752s] running install_lib
[0.764s] copying /home/karthik/Documents/ROS2_DEVELOPMENTS/ros2_workspace_1/ROS2_DEVELOPMENTS/build/my_py_pkg/build/lib/my_py_pkg/smart_sensor.py -> /home/karthik/Documents/ROS2_DEVELOPMENTS/ros2_workspace_1/ROS2_DEVELOPMENTS/install/my_py_pkg/lib/python3.12/site-packages/my_py_pkg
[0.764s] byte-compiling /home/karthik/Documents/ROS2_DEVELOPMENTS/ros2_workspace_1/ROS2_DEVELOPMENTS/install/my_py_pkg/lib/python3.12/site-packages/my_py_pkg/smart_sensor.py to smart_sensor.cpython-312.pyc
[0.765s] running install_data
[0.765s] running install_egg_info
[0.778s] removing '/home/karthik/Documents/ROS2_DEVELOPMENTS/ros2_workspace_1/ROS2_DEVELOPMENTS/install/my_py_pkg/lib/python3.12/site-packages/my_py_pkg-0.0.0-py3.12.egg-info' (and everything under it)
[0.779s] Copying ../../build/my_py_pkg/my_py_pkg.egg-info to /home/karthik/Documents/ROS2_DEVELOPMENTS/ros2_workspace_1/ROS2_DEVELOPMENTS/install/my_py_pkg/lib/python3.12/site-packages/my_py_pkg-0.0.0-py3.12.egg-info
[0.780s] running install_scripts
[0.867s] Installing sensor_subscriber script to /home/karthik/Documents/ROS2_DEVELOPMENTS/ros2_workspace_1/ROS2_DEVELOPMENTS/install/my_py_pkg/lib/my_py_pkg
[0.868s] Installing smart_sensor script to /home/karthik/Documents/ROS2_DEVELOPMENTS/ros2_workspace_1/ROS2_DEVELOPMENTS/install/my_py_pkg/lib/my_py_pkg
[0.868s] Installing test_node_a script to /home/karthik/Documents/ROS2_DEVELOPMENTS/ros2_workspace_1/ROS2_DEVELOPMENTS/install/my_py_pkg/lib/my_py_pkg
[0.868s] Installing test_node_b script to /home/karthik/Documents/ROS2_DEVELOPMENTS/ros2_workspace_1/ROS2_DEVELOPMENTS/install/my_py_pkg/lib/my_py_pkg
[0.868s] Installing test_node_c script to /home/karthik/Documents/ROS2_DEVELOPMENTS/ros2_workspace_1/ROS2_DEVELOPMENTS/install/my_py_pkg/lib/my_py_pkg
[0.868s] writing list of installed files to '/home/karthik/Documents/ROS2_DEVELOPMENTS/ros2_workspace_1/ROS2_DEVELOPMENTS/build/my_py_pkg/install.log'
[0.905s] Invoked command in '/home/karthik/Documents/ROS2_DEVELOPMENTS/ros2_workspace_1/ROS2_DEVELOPMENTS/src/my_py_pkg' returned '0': DEBUGINFOD_URLS=https://debuginfod.ubuntu.com PYTHONPATH=/home/karthik/Documents/ROS2_DEVELOPMENTS/ros2_workspace_1/ROS2_DEVELOPMENTS/build/my_py_pkg/prefix_override:/usr/lib/python3/dist-packages/colcon_core/task/python/colcon_distutils_commands:/home/karthik/Documents/ROS2_DEVELOPMENTS/ros2_workspace_1/ROS2_DEVELOPMENTS/install/my_py_pkg/lib/python3.12/site-packages:${PYTHONPATH} /usr/bin/python3 -W ignore:setup.py install is deprecated -W ignore:easy_install command is deprecated setup.py egg_info --egg-base ../../build/my_py_pkg build --build-base /home/karthik/Documents/ROS2_DEVELOPMENTS/ros2_workspace_1/ROS2_DEVELOPMENTS/build/my_py_pkg/build install --record /home/karthik/Documents/ROS2_DEVELOPMENTS/ros2_workspace_1/ROS2_DEVELOPMENTS/build/my_py_pkg/install.log --single-version-externally-managed install_data
