[1.661s] Invoking command in '/home/karthik/Documents/ROS2_DEVELOPMENTS/ros2_workspace_1/src/my_py_pkg': DEBUGINFOD_URLS=https://debuginfod.ubuntu.com PYTHONPATH=/home/karthik/Documents/ROS2_DEVELOPMENTS/ros2_workspace_1/build/my_py_pkg/prefix_override:/usr/lib/python3/dist-packages/colcon_core/task/python/colcon_distutils_commands:/home/karthik/Documents/ROS2_DEVELOPMENTS/ros2_workspace_1/install/my_py_pkg/lib/python3.12/site-packages:${PYTHONPATH} /usr/bin/python3 -W ignore:setup.py install is deprecated -W ignore:easy_install command is deprecated setup.py egg_info --egg-base ../../build/my_py_pkg build --build-base /home/karthik/Documents/ROS2_DEVELOPMENTS/ros2_workspace_1/build/my_py_pkg/build install --record /home/karthik/Documents/ROS2_DEVELOPMENTS/ros2_workspace_1/build/my_py_pkg/install.log --single-version-externally-managed install_data
[2.206s] running egg_info
[2.247s] writing ../../build/my_py_pkg/my_py_pkg.egg-info/PKG-INFO
[2.247s] writing dependency_links to ../../build/my_py_pkg/my_py_pkg.egg-info/dependency_links.txt
[2.248s] writing entry points to ../../build/my_py_pkg/my_py_pkg.egg-info/entry_points.txt
[2.248s] writing requirements to ../../build/my_py_pkg/my_py_pkg.egg-info/requires.txt
[2.249s] writing top-level names to ../../build/my_py_pkg/my_py_pkg.egg-info/top_level.txt
[2.317s] reading manifest file '../../build/my_py_pkg/my_py_pkg.egg-info/SOURCES.txt'
[2.319s] writing manifest file '../../build/my_py_pkg/my_py_pkg.egg-info/SOURCES.txt'
[2.320s] running build
[2.320s] running build_py
[2.320s] running install
[2.337s] running install_lib
[2.373s] running install_data
[2.373s] running install_egg_info
[2.410s] removing '/home/karthik/Documents/ROS2_DEVELOPMENTS/ros2_workspace_1/install/my_py_pkg/lib/python3.12/site-packages/my_py_pkg-0.0.0-py3.12.egg-info' (and everything under it)
[2.411s] Copying ../../build/my_py_pkg/my_py_pkg.egg-info to /home/karthik/Documents/ROS2_DEVELOPMENTS/ros2_workspace_1/install/my_py_pkg/lib/python3.12/site-packages/my_py_pkg-0.0.0-py3.12.egg-info
[2.413s] running install_scripts
[2.712s] Installing test_node_a script to /home/karthik/Documents/ROS2_DEVELOPMENTS/ros2_workspace_1/install/my_py_pkg/lib/my_py_pkg
[2.712s] Installing test_node_b script to /home/karthik/Documents/ROS2_DEVELOPMENTS/ros2_workspace_1/install/my_py_pkg/lib/my_py_pkg
[2.712s] Installing test_node_c script to /home/karthik/Documents/ROS2_DEVELOPMENTS/ros2_workspace_1/install/my_py_pkg/lib/my_py_pkg
[2.713s] writing list of installed files to '/home/karthik/Documents/ROS2_DEVELOPMENTS/ros2_workspace_1/build/my_py_pkg/install.log'
[2.784s] Invoked command in '/home/karthik/Documents/ROS2_DEVELOPMENTS/ros2_workspace_1/src/my_py_pkg' returned '0': DEBUGINFOD_URLS=https://debuginfod.ubuntu.com PYTHONPATH=/home/karthik/Documents/ROS2_DEVELOPMENTS/ros2_workspace_1/build/my_py_pkg/prefix_override:/usr/lib/python3/dist-packages/colcon_core/task/python/colcon_distutils_commands:/home/karthik/Documents/ROS2_DEVELOPMENTS/ros2_workspace_1/install/my_py_pkg/lib/python3.12/site-packages:${PYTHONPATH} /usr/bin/python3 -W ignore:setup.py install is deprecated -W ignore:easy_install command is deprecated setup.py egg_info --egg-base ../../build/my_py_pkg build --build-base /home/karthik/Documents/ROS2_DEVELOPMENTS/ros2_workspace_1/build/my_py_pkg/build install --record /home/karthik/Documents/ROS2_DEVELOPMENTS/ros2_workspace_1/build/my_py_pkg/install.log --single-version-externally-managed install_data
