[0.019s] Invoking command in '/home/karthik/Documents/ROS2_DEVELOPMENTS/ros2_workspace_1/build/my_cpp_pkg': CMAKE_PREFIX_PATH=${CMAKE_PREFIX_PATH}:/opt/ros/jazzy DEBUGINFOD_URLS=https://debuginfod.ubuntu.com /usr/bin/cmake /home/karthik/Documents/ROS2_DEVELOPMENTS/ros2_workspace_1/src/my_cpp_pkg -DCMAKE_INSTALL_PREFIX=/home/karthik/Documents/ROS2_DEVELOPMENTS/ros2_workspace_1/install/my_cpp_pkg
[0.225s] -- The C compiler identification is GNU 13.3.0
[0.371s] -- The CXX compiler identification is GNU 13.3.0
[0.401s] -- Detecting C compiler ABI info
[0.530s] -- Detecting C compiler ABI info - done
[0.540s] -- Check for working C compiler: /usr/bin/cc - skipped
[0.540s] -- Detecting C compile features
[0.541s] -- Detecting C compile features - done
[0.552s] -- Detecting CXX compiler ABI info
[0.680s] -- Detecting CXX compiler ABI info - done
[0.690s] -- Check for working CXX compiler: /usr/bin/c++ - skipped
[0.690s] -- Detecting CXX compile features
[0.691s] -- Detecting CXX compile features - done
[0.697s] -- Found ament_cmake: 2.5.4 (/opt/ros/jazzy/share/ament_cmake/cmake)
[0.860s] -- Found Python3: /usr/bin/python3 (found version "3.12.3") found components: Interpreter 
[0.978s] -- Found rclcpp: 28.1.13 (/opt/ros/jazzy/share/rclcpp/cmake)
[1.033s] -- Found rosidl_generator_c: 4.6.6 (/opt/ros/jazzy/share/rosidl_generator_c/cmake)
[1.047s] -- Found rosidl_generator_cpp: 4.6.6 (/opt/ros/jazzy/share/rosidl_generator_cpp/cmake)
[1.068s] -- Using all available rosidl_typesupport_c: rosidl_typesupport_fastrtps_c;rosidl_typesupport_introspection_c
[1.089s] -- Using all available rosidl_typesupport_cpp: rosidl_typesupport_fastrtps_cpp;rosidl_typesupport_introspection_cpp
[1.173s] -- Found rmw_implementation_cmake: 7.3.2 (/opt/ros/jazzy/share/rmw_implementation_cmake/cmake)
[1.176s] -- Found rmw_fastrtps_cpp: 8.4.3 (/opt/ros/jazzy/share/rmw_fastrtps_cpp/cmake)
[1.268s] -- Found OpenSSL: /usr/lib/x86_64-linux-gnu/libcrypto.so (found version "3.0.13")  
[1.285s] -- Found FastRTPS: /opt/ros/jazzy/include (Required is at least version "2.13") 
[1.304s] -- Using RMW implementation 'rmw_fastrtps_cpp' as default
[1.382s] -- Found ament_lint_auto: 0.17.3 (/opt/ros/jazzy/share/ament_lint_auto/cmake)
[1.467s] -- Added test 'lint_cmake' to check CMake code style
[1.468s] -- Added test 'xmllint' to check XML markup files
[1.470s] -- Configuring done (1.4s)
[1.474s] -- Generating done (0.0s)
[1.476s] -- Build files have been written to: /home/karthik/Documents/ROS2_DEVELOPMENTS/ros2_workspace_1/build/my_cpp_pkg
[1.485s] Invoked command in '/home/karthik/Documents/ROS2_DEVELOPMENTS/ros2_workspace_1/build/my_cpp_pkg' returned '0': CMAKE_PREFIX_PATH=${CMAKE_PREFIX_PATH}:/opt/ros/jazzy DEBUGINFOD_URLS=https://debuginfod.ubuntu.com /usr/bin/cmake /home/karthik/Documents/ROS2_DEVELOPMENTS/ros2_workspace_1/src/my_cpp_pkg -DCMAKE_INSTALL_PREFIX=/home/karthik/Documents/ROS2_DEVELOPMENTS/ros2_workspace_1/install/my_cpp_pkg
[1.486s] Invoking command in '/home/karthik/Documents/ROS2_DEVELOPMENTS/ros2_workspace_1/build/my_cpp_pkg': CMAKE_PREFIX_PATH=${CMAKE_PREFIX_PATH}:/opt/ros/jazzy DEBUGINFOD_URLS=https://debuginfod.ubuntu.com /usr/bin/cmake --build /home/karthik/Documents/ROS2_DEVELOPMENTS/ros2_workspace_1/build/my_cpp_pkg -- -j12 -l12
[1.525s] Invoked command in '/home/karthik/Documents/ROS2_DEVELOPMENTS/ros2_workspace_1/build/my_cpp_pkg' returned '0': CMAKE_PREFIX_PATH=${CMAKE_PREFIX_PATH}:/opt/ros/jazzy DEBUGINFOD_URLS=https://debuginfod.ubuntu.com /usr/bin/cmake --build /home/karthik/Documents/ROS2_DEVELOPMENTS/ros2_workspace_1/build/my_cpp_pkg -- -j12 -l12
[1.534s] Invoking command in '/home/karthik/Documents/ROS2_DEVELOPMENTS/ros2_workspace_1/build/my_cpp_pkg': CMAKE_PREFIX_PATH=${CMAKE_PREFIX_PATH}:/opt/ros/jazzy DEBUGINFOD_URLS=https://debuginfod.ubuntu.com /usr/bin/cmake --install /home/karthik/Documents/ROS2_DEVELOPMENTS/ros2_workspace_1/build/my_cpp_pkg
[1.541s] -- Install configuration: ""
[1.541s] -- Installing: /home/karthik/Documents/ROS2_DEVELOPMENTS/ros2_workspace_1/install/my_cpp_pkg/share/ament_index/resource_index/package_run_dependencies/my_cpp_pkg
[1.541s] -- Installing: /home/karthik/Documents/ROS2_DEVELOPMENTS/ros2_workspace_1/install/my_cpp_pkg/share/ament_index/resource_index/parent_prefix_path/my_cpp_pkg
[1.541s] -- Installing: /home/karthik/Documents/ROS2_DEVELOPMENTS/ros2_workspace_1/install/my_cpp_pkg/share/my_cpp_pkg/environment/ament_prefix_path.sh
[1.541s] -- Installing: /home/karthik/Documents/ROS2_DEVELOPMENTS/ros2_workspace_1/install/my_cpp_pkg/share/my_cpp_pkg/environment/ament_prefix_path.dsv
[1.541s] -- Installing: /home/karthik/Documents/ROS2_DEVELOPMENTS/ros2_workspace_1/install/my_cpp_pkg/share/my_cpp_pkg/environment/path.sh
[1.542s] -- Installing: /home/karthik/Documents/ROS2_DEVELOPMENTS/ros2_workspace_1/install/my_cpp_pkg/share/my_cpp_pkg/environment/path.dsv
[1.542s] -- Installing: /home/karthik/Documents/ROS2_DEVELOPMENTS/ros2_workspace_1/install/my_cpp_pkg/share/my_cpp_pkg/local_setup.bash
[1.542s] -- Installing: /home/karthik/Documents/ROS2_DEVELOPMENTS/ros2_workspace_1/install/my_cpp_pkg/share/my_cpp_pkg/local_setup.sh
[1.542s] -- Installing: /home/karthik/Documents/ROS2_DEVELOPMENTS/ros2_workspace_1/install/my_cpp_pkg/share/my_cpp_pkg/local_setup.zsh
[1.542s] -- Installing: /home/karthik/Documents/ROS2_DEVELOPMENTS/ros2_workspace_1/install/my_cpp_pkg/share/my_cpp_pkg/local_setup.dsv
[1.542s] -- Installing: /home/karthik/Documents/ROS2_DEVELOPMENTS/ros2_workspace_1/install/my_cpp_pkg/share/my_cpp_pkg/package.dsv
[1.542s] -- Installing: /home/karthik/Documents/ROS2_DEVELOPMENTS/ros2_workspace_1/install/my_cpp_pkg/share/ament_index/resource_index/packages/my_cpp_pkg
[1.543s] -- Installing: /home/karthik/Documents/ROS2_DEVELOPMENTS/ros2_workspace_1/install/my_cpp_pkg/share/my_cpp_pkg/cmake/my_cpp_pkgConfig.cmake
[1.543s] -- Installing: /home/karthik/Documents/ROS2_DEVELOPMENTS/ros2_workspace_1/install/my_cpp_pkg/share/my_cpp_pkg/cmake/my_cpp_pkgConfig-version.cmake
[1.543s] -- Installing: /home/karthik/Documents/ROS2_DEVELOPMENTS/ros2_workspace_1/install/my_cpp_pkg/share/my_cpp_pkg/package.xml
[1.544s] Invoked command in '/home/karthik/Documents/ROS2_DEVELOPMENTS/ros2_workspace_1/build/my_cpp_pkg' returned '0': CMAKE_PREFIX_PATH=${CMAKE_PREFIX_PATH}:/opt/ros/jazzy DEBUGINFOD_URLS=https://debuginfod.ubuntu.com /usr/bin/cmake --install /home/karthik/Documents/ROS2_DEVELOPMENTS/ros2_workspace_1/build/my_cpp_pkg
